{
  "stats": {
    "suites": 1,
    "tests": 2,
    "passes": 2,
    "pending": 0,
    "failures": 0,
    "start": "2025-04-02T06:53:40.144Z",
    "end": "2025-04-02T06:54:00.481Z",
    "duration": 20337,
    "testsRegistered": 2,
    "passPercent": 100,
    "pendingPercent": 0,
    "other": 0,
    "hasOther": false,
    "skipped": 0,
    "hasSkipped": false
  },
  "results": [
    {
      "uuid": "1d47c65a-0df8-40ed-9106-6fc8db8fd8bf",
      "title": "",
      "fullFile": "cypress\\e2e\\Homepage\\homeTST.cy.js",
      "file": "cypress\\e2e\\Homepage\\homeTST.cy.js",
      "beforeHooks": [],
      "afterHooks": [],
      "tests": [],
      "suites": [
        {
          "uuid": "abbc6714-b6d6-42bd-bfb4-7ebb13ca30ec",
          "title": "Pagina principal",
          "fullFile": "",
          "file": "",
          "beforeHooks": [],
          "afterHooks": [],
          "tests": [
            {
              "title": "First test",
              "fullTitle": "Pagina principal First test",
              "timedOut": null,
              "duration": 14217,
              "state": "passed",
              "speed": "slow",
              "pass": true,
              "fail": false,
              "pending": false,
              "context": null,
              "code": "cy.visit('https://demoqa.com/');\ncy.url('https://demoqa.com/').should('be.eq', 'https://demoqa.com/');",
              "err": {},
              "uuid": "ce73e81b-d740-407d-9559-07db7b1e8952",
              "parentUUID": "abbc6714-b6d6-42bd-bfb4-7ebb13ca30ec",
              "isHook": false,
              "skipped": false
            },
            {
              "title": "Second test",
              "fullTitle": "Pagina principal Second test",
              "timedOut": null,
              "duration": 2143,
              "state": "passed",
              "speed": "fast",
              "pass": true,
              "fail": false,
              "pending": false,
              "context": null,
              "code": "cy.visit('https://www.comocriarmariposas.com.ar/');\ncy.url('https://www.comocriarmariposas.com.ar/').should('not.be.eq', 'https://demoqa.com/');",
              "err": {},
              "uuid": "7a734f83-9d85-456e-8bda-c3198f015cc7",
              "parentUUID": "abbc6714-b6d6-42bd-bfb4-7ebb13ca30ec",
              "isHook": false,
              "skipped": false
            }
          ],
          "suites": [],
          "passes": [
            "ce73e81b-d740-407d-9559-07db7b1e8952",
            "7a734f83-9d85-456e-8bda-c3198f015cc7"
          ],
          "failures": [],
          "pending": [],
          "skipped": [],
          "duration": 16360,
          "root": false,
          "rootEmpty": false,
          "_timeout": 2000
        }
      ],
      "passes": [],
      "failures": [],
      "pending": [],
      "skipped": [],
      "duration": 0,
      "root": true,
      "rootEmpty": true,
      "_timeout": 2000
    }
  ],
  "meta": {
    "mocha": {
      "version": "7.0.1"
    },
    "mochawesome": {
      "options": {
        "quiet": false,
        "reportFilename": "mochawesome",
        "saveHtml": true,
        "saveJson": true,
        "consoleReporter": "spec",
        "useInlineDiffs": false,
        "code": true
      },
      "version": "7.1.3"
    },
    "marge": {
      "options": {
        "reportDir": "cypress/reports",
        "overwrite": false,
        "html": true,
        "json": true
      },
      "version": "6.2.0"
    }
  }
}